<?xml version="1.0" encoding="UTF-8"?>
<testng-results ignored="0" total="1" passed="1" failed="0" skipped="0">
  <reporter-output>
  </reporter-output>
  <suite started-at="2024-08-28T14:43:18 IST" name="Default suite" finished-at="2024-08-28T14:43:32 IST" duration-ms="14300">
    <groups>
    </groups>
    <test started-at="2024-08-28T14:43:18 IST" name="Default test" finished-at="2024-08-28T14:43:32 IST" duration-ms="14300">
      <class name="com.his.test.UserLoginTest">
        <test-method is-config="true" signature="browserInit()[pri:0, instance:com.his.test.UserLoginTest@25df00a0]" started-at="2024-08-28T14:43:18 IST" name="browserInit" finished-at="2024-08-28T14:43:25 IST" duration-ms="6938" status="PASS">
          <reporter-output>
          </reporter-output>
        </test-method> <!-- browserInit -->
        <test-method signature="userlogin()[pri:0, instance:com.his.test.UserLoginTest@25df00a0]" started-at="2024-08-28T14:43:25 IST" name="userlogin" finished-at="2024-08-28T14:43:30 IST" duration-ms="5183" status="PASS">
          <reporter-output>
          </reporter-output>
        </test-method> <!-- userlogin -->
        <test-method is-config="true" signature="teardown()[pri:0, instance:com.his.test.UserLoginTest@25df00a0]" started-at="2024-08-28T14:43:30 IST" name="teardown" finished-at="2024-08-28T14:43:32 IST" duration-ms="1843" status="PASS">
          <reporter-output>
          </reporter-output>
        </test-method> <!-- teardown -->
      </class> <!-- com.his.test.UserLoginTest -->
    </test> <!-- Default test -->
  </suite> <!-- Default suite -->
</testng-results>
